\BOOKMARK [1][-]{section*.1}{\376\377\000A\000b\000s\000t\000r\000a\000c\000t}{}% 1
\BOOKMARK [1][-]{section*.2}{\376\377\000H\000o\000w\000\040\000g\000e\000s\000t\000u\000r\000e\000\040\000n\000e\000t\000w\000o\000r\000k\000s\000\040\000e\000v\000o\000l\000v\000e\000\040\000i\000n\000\040\000b\000u\000d\000d\000i\000n\000g\000\040\000l\000a\000n\000g\000u\000a\000g\000e\000s\000\040\000i\000n\000\040\000t\000h\000e\000\040\000l\000a\000b\000:\000\040\000S\000t\000a\000g\000e\000\040\0001\000\040\000r\000e\000g\000i\000s\000t\000e\000r\000e\000d\000\040\000r\000e\000p\000o\000r\000t}{}% 2
\BOOKMARK [2][-]{section*.3}{\376\377\000L\000a\000n\000g\000u\000a\000g\000e\000\040\000e\000v\000o\000l\000u\000t\000i\000o\000n\000\040\000a\000n\000d\000\040\000s\000i\000l\000e\000n\000t\000\040\000g\000e\000s\000t\000u\000r\000e}{section*.2}% 3
\BOOKMARK [2][-]{section*.4}{\376\377\000C\000u\000r\000r\000e\000n\000t\000\040\000s\000t\000a\000g\000e\000-\0001\000\040\000s\000t\000u\000d\000y}{section*.2}% 4
\BOOKMARK [3][-]{section*.5}{\376\377\000P\000a\000r\000t\000i\000c\000i\000p\000a\000n\000t\000,\000\040\000d\000e\000s\000i\000g\000n\000,\000\040\000\046\000\040\000p\000r\000o\000c\000e\000d\000u\000r\000e\000\040\000o\000f\000\040\000t\000h\000e\000\040\000o\000r\000i\000g\000i\000n\000a\000l\000\040\000s\000t\000u\000d\000y\000\040\000\050\000e\000x\000p\000e\000r\000i\000m\000e\000n\000t\000\040\0001\000\051}{section*.4}% 5
\BOOKMARK [3][-]{section*.6}{\376\377\000M\000o\000t\000i\000o\000n\000\040\000t\000r\000a\000c\000k\000i\000n\000g}{section*.4}% 6
\BOOKMARK [3][-]{section*.7}{\376\377\000D\000y\000n\000a\000m\000i\000c\000\040\000T\000i\000m\000e\000\040\000W\000a\000r\000p\000i\000n\000g\000\040\000\050\000D\000T\000W\000\051}{section*.4}% 7
\BOOKMARK [3][-]{section*.8}{\376\377\000G\000e\000s\000t\000u\000r\000e\000\040\000n\000e\000t\000w\000o\000r\000k\000s}{section*.4}% 8
\BOOKMARK [2][-]{section*.9}{\376\377\000G\000e\000s\000t\000u\000r\000e\000\040\000N\000e\000t\000w\000o\000r\000k\000\040\000P\000r\000o\000p\000e\000r\000t\000i\000e\000s}{section*.2}% 9
\BOOKMARK [3][-]{section*.10}{\376\377\000C\000o\000m\000b\000i\000n\000a\000t\000o\000r\000i\000a\000l\000\040\000s\000t\000r\000u\000c\000t\000u\000r\000e\000:\000\040\000N\000e\000t\000w\000o\000r\000k\000\040\000E\000n\000t\000r\000o\000p\000y}{section*.9}% 10
\BOOKMARK [3][-]{section*.11}{\376\377\000C\000l\000u\000s\000t\000e\000r\000i\000n\000g}{section*.9}% 11
\BOOKMARK [2][-]{section*.12}{\376\377\000K\000i\000n\000e\000m\000a\000t\000i\000c\000\040\000P\000r\000o\000p\000e\000r\000t\000i\000e\000s}{section*.2}% 12
\BOOKMARK [3][-]{section*.13}{\376\377\000G\000e\000s\000t\000u\000r\000e\000\040\000s\000e\000g\000m\000e\000n\000t\000a\000t\000i\000o\000n}{section*.12}% 13
\BOOKMARK [3][-]{section*.14}{\376\377\000G\000e\000s\000t\000u\000r\000e\000\040\000s\000a\000l\000i\000e\000n\000c\000e}{section*.12}% 14
\BOOKMARK [3][-]{section*.15}{\376\377\000G\000e\000s\000t\000u\000r\000e\000\040\000t\000e\000m\000p\000o\000r\000a\000l\000i\000t\000y}{section*.12}% 15
\BOOKMARK [1][-]{section*.16}{\376\377\000R\000e\000s\000u\000l\000t\000s}{}% 16
\BOOKMARK [2][-]{section*.17}{\376\377\000N\000e\000t\000w\000o\000r\000k\000\040\000c\000h\000a\000n\000g\000e\000s\000\040\000o\000v\000e\000r\000\040\000g\000e\000n\000e\000r\000a\000t\000i\000o\000n\000s}{section*.16}% 17
\BOOKMARK [2][-]{section*.19}{\376\377\000C\000h\000a\000n\000g\000e\000s\000\040\000w\000i\000t\000h\000i\000n\000\040\000t\000h\000e\000m\000\040\000v\000e\000r\000s\000u\000s\000\040\000c\000h\000a\000n\000g\000e\000s\000\040\000w\000i\000t\000h\000i\000n\000\040\000f\000u\000n\000c\000t\000i\000o\000n}{section*.16}% 18
\BOOKMARK [2][-]{section*.20}{\376\377\000K\000i\000n\000e\000m\000a\000t\000i\000c\000\040\000f\000e\000a\000t\000u\000r\000e\000s}{section*.16}% 19
\BOOKMARK [2][-]{section*.22}{\376\377\000K\000i\000n\000e\000m\000a\000t\000i\000c\000\040\000f\000e\000a\000t\000u\000r\000e\000s\000\040\000a\000n\000d\000\040\000n\000e\000t\000w\000o\000r\000k\000\040\000p\000r\000o\000p\000e\000r\000t\000i\000e\000s}{section*.16}% 20
\BOOKMARK [1][-]{section*.23}{\376\377\000D\000i\000s\000c\000u\000s\000s\000i\000o\000n}{}% 21
\BOOKMARK [1][-]{section*.24}{\376\377\000P\000r\000e\000-\000r\000e\000g\000i\000s\000t\000r\000a\000t\000i\000o\000n}{}% 22
\BOOKMARK [2][-]{section*.25}{\376\377\000E\000x\000p\000e\000r\000i\000m\000e\000n\000t\000\040\0002}{section*.24}% 23
\BOOKMARK [2][-]{section*.26}{\376\377\000E\000x\000p\000e\000r\000i\000m\000e\000n\000t\000\040\0003}{section*.24}% 24
\BOOKMARK [1][-]{section*.27}{\376\377\000R\000e\000f\000e\000r\000e\000n\000c\000e\000s}{}% 25
