This is pdfTeX, Version 3.14159265-2.6-1.40.20 (TeX Live 2019/W32TeX) (preloaded format=pdflatex 2020.3.11)  25 MAR 2020 13:13
entering extended mode
 restricted \write18 enabled.
 %&-line parsing enabled.
**GNet_WP.tex
(./GNet_WP.tex
LaTeX2e <2020-02-02> patch level 5
L3 programming layer <2020-02-25> (c:/Users/wimpo/AppData/Roaming/TinyTeX/texmf
-dist/tex/latex/apa6/apa6.cls
Document Class: apa6 2020/01/13 v2.34 APA formatting (6th edition)
(c:/Users/wimpo/AppData/Roaming/TinyTeX/texmf-dist/tex/latex/base/article.cls
Document Class: article 2019/12/20 v1.4l Standard LaTeX document class
(c:/Users/wimpo/AppData/Roaming/TinyTeX/texmf-dist/tex/latex/base/size12.clo
File: size12.clo 2019/12/20 v1.4l Standard LaTeX file (size option)
)
\c@part=\count167
\c@section=\count168
\c@subsection=\count169
\c@subsubsection=\count170
\c@paragraph=\count171
\c@subparagraph=\count172
\c@figure=\count173
\c@table=\count174
\abovecaptionskip=\skip47
\belowcaptionskip=\skip48
\bibindent=\dimen134
)
(c:/Users/wimpo/AppData/Roaming/TinyTeX/texmf-dist/tex/latex/etoolbox/etoolbox.
sty
Package: etoolbox 2019/09/21 v2.5h e-TeX tools for LaTeX (JAW)
\etb@tempcnta=\count175
)
Class apa6 Info: No bibliography package was specified; defaulting to (but not 
loading) Biblatex on input line 213.
(c:/Users/wimpo/AppData/Roaming/TinyTeX/texmf-dist/tex/latex/lm/lmodern.sty
Package: lmodern 2009/10/30 v1.6 Latin Modern Fonts
LaTeX Font Info:    Overwriting symbol font `operators' in version `normal'
(Font)                  OT1/cmr/m/n --> OT1/lmr/m/n on input line 22.
LaTeX Font Info:    Overwriting symbol font `letters' in version `normal'
(Font)                  OML/cmm/m/it --> OML/lmm/m/it on input line 23.
LaTeX Font Info:    Overwriting symbol font `symbols' in version `normal'
(Font)                  OMS/cmsy/m/n --> OMS/lmsy/m/n on input line 24.
LaTeX Font Info:    Overwriting symbol font `largesymbols' in version `normal'
(Font)                  OMX/cmex/m/n --> OMX/lmex/m/n on input line 25.
LaTeX Font Info:    Overwriting symbol font `operators' in version `bold'
(Font)                  OT1/cmr/bx/n --> OT1/lmr/bx/n on input line 26.
LaTeX Font Info:    Overwriting symbol font `letters' in version `bold'
(Font)                  OML/cmm/b/it --> OML/lmm/b/it on input line 27.
LaTeX Font Info:    Overwriting symbol font `symbols' in version `bold'
(Font)                  OMS/cmsy/b/n --> OMS/lmsy/b/n on input line 28.
LaTeX Font Info:    Overwriting symbol font `largesymbols' in version `bold'
(Font)                  OMX/cmex/m/n --> OMX/lmex/m/n on input line 29.
LaTeX Font Info:    Overwriting math alphabet `\mathbf' in version `normal'
(Font)                  OT1/cmr/bx/n --> OT1/lmr/bx/n on input line 31.
LaTeX Font Info:    Overwriting math alphabet `\mathsf' in version `normal'
(Font)                  OT1/cmss/m/n --> OT1/lmss/m/n on input line 32.
LaTeX Font Info:    Overwriting math alphabet `\mathit' in version `normal'
(Font)                  OT1/cmr/m/it --> OT1/lmr/m/it on input line 33.
LaTeX Font Info:    Overwriting math alphabet `\mathtt' in version `normal'
(Font)                  OT1/cmtt/m/n --> OT1/lmtt/m/n on input line 34.
LaTeX Font Info:    Overwriting math alphabet `\mathbf' in version `bold'
(Font)                  OT1/cmr/bx/n --> OT1/lmr/bx/n on input line 35.
LaTeX Font Info:    Overwriting math alphabet `\mathsf' in version `bold'
(Font)                  OT1/cmss/bx/n --> OT1/lmss/bx/n on input line 36.
LaTeX Font Info:    Overwriting math alphabet `\mathit' in version `bold'
(Font)                  OT1/cmr/bx/it --> OT1/lmr/bx/it on input line 37.
LaTeX Font Info:    Overwriting math alphabet `\mathtt' in version `bold'
(Font)                  OT1/cmtt/m/n --> OT1/lmtt/m/n on input line 38.
) (c:/Users/wimpo/AppData/Roaming/TinyTeX/texmf-dist/tex/latex/base/fontenc.sty
Package: fontenc 2020/02/11 v2.0o Standard LaTeX package
LaTeX Font Info:    Trying to load font information for T1+lmr on input line 11
2.
(c:/Users/wimpo/AppData/Roaming/TinyTeX/texmf-dist/tex/latex/lm/t1lmr.fd
File: t1lmr.fd 2009/10/30 v1.6 Font defs for Latin Modern
))
(c:/Users/wimpo/AppData/Roaming/TinyTeX/texmf-dist/tex/latex/geometry/geometry.
sty
Package: geometry 2020/01/02 v5.9 Page Geometry

(c:/Users/wimpo/AppData/Roaming/TinyTeX/texmf-dist/tex/latex/graphics/keyval.st
y
Package: keyval 2014/10/28 v1.15 key=value parser (DPC)
\KV@toks@=\toks15
)
(c:/Users/wimpo/AppData/Roaming/TinyTeX/texmf-dist/tex/generic/iftex/ifvtex.sty
Package: ifvtex 2019/10/25 v1.7 ifvtex legacy package. Use iftex instead.
(c:/Users/wimpo/AppData/Roaming/TinyTeX/texmf-dist/tex/generic/iftex/iftex.sty
Package: iftex 2019/11/07 v1.0c TeX engine tests
))
\Gm@cnth=\count176
\Gm@cntv=\count177
\c@Gm@tempcnt=\count178
\Gm@bindingoffset=\dimen135
\Gm@wd@mp=\dimen136
\Gm@odd@mp=\dimen137
\Gm@even@mp=\dimen138
\Gm@layoutwidth=\dimen139
\Gm@layoutheight=\dimen140
\Gm@layouthoffset=\dimen141
\Gm@layoutvoffset=\dimen142
\Gm@dimlist=\toks16
)
(c:/Users/wimpo/AppData/Roaming/TinyTeX/texmf-dist/tex/latex/graphics/graphicx.
sty
Package: graphicx 2019/11/30 v1.2a Enhanced LaTeX Graphics (DPC,SPQR)

(c:/Users/wimpo/AppData/Roaming/TinyTeX/texmf-dist/tex/latex/graphics/graphics.
sty
Package: graphics 2019/11/30 v1.4a Standard LaTeX Graphics (DPC,SPQR)
(c:/Users/wimpo/AppData/Roaming/TinyTeX/texmf-dist/tex/latex/graphics/trig.sty
Package: trig 2016/01/03 v1.10 sin cos tan (DPC)
)
(c:/Users/wimpo/AppData/Roaming/TinyTeX/texmf-dist/tex/latex/graphics-cfg/graph
ics.cfg
File: graphics.cfg 2016/06/04 v1.11 sample graphics configuration
)
Package graphics Info: Driver file: pdftex.def on input line 105.

(c:/Users/wimpo/AppData/Roaming/TinyTeX/texmf-dist/tex/latex/graphics-def/pdfte
x.def
File: pdftex.def 2018/01/08 v1.0l Graphics/color driver for pdftex
))
\Gin@req@height=\dimen143
\Gin@req@width=\dimen144
)
(c:/Users/wimpo/AppData/Roaming/TinyTeX/texmf-dist/tex/latex/booktabs/booktabs.
sty
Package: booktabs 2020/01/12 v1.61803398 Publication quality tables
\heavyrulewidth=\dimen145
\lightrulewidth=\dimen146
\cmidrulewidth=\dimen147
\belowrulesep=\dimen148
\belowbottomsep=\dimen149
\aboverulesep=\dimen150
\abovetopsep=\dimen151
\cmidrulesep=\dimen152
\cmidrulekern=\dimen153
\defaultaddspace=\dimen154
\@cmidla=\count179
\@cmidlb=\count180
\@aboverulesep=\dimen155
\@belowrulesep=\dimen156
\@thisruleclass=\count181
\@lastruleclass=\count182
\@thisrulewidth=\dimen157
)
(c:/Users/wimpo/AppData/Roaming/TinyTeX/texmf-dist/tex/latex/threeparttable/thr
eeparttable.sty
Package: threeparttable 2003/06/13  v 3.0
\@tempboxb=\box45
)
\b@level@one@skip=\skip49
\e@level@one@skip=\skip50
\b@level@two@skip=\skip51
\e@level@two@skip=\skip52
\b@level@three@skip=\skip53
\e@level@three@skip=\skip54
\b@level@four@skip=\skip55
\e@level@four@skip=\skip56
\b@level@five@skip=\skip57
\e@level@five@skip=\skip58

(c:/Users/wimpo/AppData/Roaming/TinyTeX/texmf-dist/tex/latex/caption/caption.st
y
Package: caption 2020/01/03 v3.4h Customizing captions (AR)

(c:/Users/wimpo/AppData/Roaming/TinyTeX/texmf-dist/tex/latex/caption/caption3.s
ty
Package: caption3 2020/01/03 v1.8h caption3 kernel (AR)
Package caption3 Info: TeX engine: e-TeX on input line 61.
\captionmargin=\dimen158
\captionmargin@=\dimen159
\captionwidth=\dimen160
\caption@tempdima=\dimen161
\caption@indent=\dimen162
\caption@parindent=\dimen163
\caption@hangindent=\dimen164
Package caption Info: Standard document class detected.
)
\c@caption@flags=\count183
\c@continuedfloat=\count184
Package caption Info: threeparttable package is loaded.
)
\c@APAenum=\count185
\@text@par@indent=\skip59
\gr@box=\box46
\gr@boxwidth=\skip60
\gr@boxheight=\skip61
(c:/Users/wimpo/AppData/Roaming/TinyTeX/texmf-dist/tex/latex/tools/bm.sty
Package: bm 2019/07/24 v1.2d Bold Symbol Support (DPC/FMi)
\symboldoperators=\mathgroup4
\symboldletters=\mathgroup5
\symboldsymbols=\mathgroup6
LaTeX Font Info:    Redeclaring math alphabet \mathbf on input line 141.
LaTeX Info: Redefining \bm on input line 209.
)
\c@appendix=\count186

(c:/Users/wimpo/AppData/Roaming/TinyTeX/texmf-dist/tex/latex/fancyhdr/fancyhdr.
sty
Package: fancyhdr 2019/01/31 v3.10 Extensive control of page headers and footer
s
\f@nch@headwidth=\skip62
\f@nch@O@elh=\skip63
\f@nch@O@erh=\skip64
\f@nch@O@olh=\skip65
\f@nch@O@orh=\skip66
\f@nch@O@elf=\skip67
\f@nch@O@erf=\skip68
\f@nch@O@olf=\skip69
\f@nch@O@orf=\skip70
)
(c:/Users/wimpo/AppData/Roaming/TinyTeX/texmf-dist/tex/latex/endfloat/endfloat.
sty
Package: endfloat 2019/04/15 v2.7 LaTeX2e package puts figures and tables at en
d (jdm)
\c@posttable=\count187
\efloat@postttt=\write3
\@ef@tttopen=\count188
\c@postfigure=\count189
\efloat@postfff=\write4
\@ef@fffopen=\count190
) (c:/Users/wimpo/AppData/Roaming/TinyTeX/texmf-dist/tex/latex/float/float.sty
Package: float 2001/11/08 v1.3d Float enhancements (AL)
\c@float@type=\count191
\float@exts=\toks17
\float@box=\box47
\@float@everytoks=\toks18
\@floatcapt=\box48
))
(c:/Users/wimpo/AppData/Roaming/TinyTeX/texmf-dist/tex/latex/amsfonts/amssymb.s
ty
Package: amssymb 2013/01/14 v3.01 AMS font symbols

(c:/Users/wimpo/AppData/Roaming/TinyTeX/texmf-dist/tex/latex/amsfonts/amsfonts.
sty
Package: amsfonts 2013/01/14 v3.01 Basic AMSFonts support
\@emptytoks=\toks19
\symAMSa=\mathgroup7
\symAMSb=\mathgroup8
LaTeX Font Info:    Redeclaring math symbol \hbar on input line 98.
LaTeX Font Info:    Overwriting math alphabet `\mathfrak' in version `bold'
(Font)                  U/euf/m/n --> U/euf/b/n on input line 106.
))
(c:/Users/wimpo/AppData/Roaming/TinyTeX/texmf-dist/tex/latex/amsmath/amsmath.st
y
Package: amsmath 2020/01/20 v2.17e AMS math features
\@mathmargin=\skip71
For additional information on amsmath, use the `?' option.

(c:/Users/wimpo/AppData/Roaming/TinyTeX/texmf-dist/tex/latex/amsmath/amstext.st
y
Package: amstext 2000/06/29 v2.01 AMS text

(c:/Users/wimpo/AppData/Roaming/TinyTeX/texmf-dist/tex/latex/amsmath/amsgen.sty
File: amsgen.sty 1999/11/30 v2.0 generic functions
\@emptytoks=\toks20
\ex@=\dimen165
))
(c:/Users/wimpo/AppData/Roaming/TinyTeX/texmf-dist/tex/latex/amsmath/amsbsy.sty
Package: amsbsy 1999/11/29 v1.2d Bold Symbols
LaTeX Info: Redefining \boldsymbol on input line 28.
\pmbraise@=\dimen166
)
(c:/Users/wimpo/AppData/Roaming/TinyTeX/texmf-dist/tex/latex/amsmath/amsopn.sty
Package: amsopn 2016/03/08 v2.02 operator names
)
\inf@bad=\count192
LaTeX Info: Redefining \frac on input line 227.
\uproot@=\count193
\leftroot@=\count194
LaTeX Info: Redefining \overline on input line 389.
\classnum@=\count195
\DOTSCASE@=\count196
LaTeX Info: Redefining \ldots on input line 486.
LaTeX Info: Redefining \dots on input line 489.
LaTeX Info: Redefining \cdots on input line 610.
\Mathstrutbox@=\box49
\strutbox@=\box50
\big@size=\dimen167
LaTeX Font Info:    Redeclaring font encoding OML on input line 733.
LaTeX Font Info:    Redeclaring font encoding OMS on input line 734.
\macc@depth=\count197
\c@MaxMatrixCols=\count198
\dotsspace@=\muskip16
\c@parentequation=\count199
\dspbrk@lvl=\count266
\tag@help=\toks21
\row@=\count267
\column@=\count268
\maxfields@=\count269
\andhelp@=\toks22
\eqnshift@=\dimen168
\alignsep@=\dimen169
\tagshift@=\dimen170
\tagwidth@=\dimen171
\totwidth@=\dimen172
\lineht@=\dimen173
\@envbody=\toks23
\multlinegap=\skip72
\multlinetaggap=\skip73
\mathdisplay@stack=\toks24
LaTeX Info: Redefining \[ on input line 2859.
LaTeX Info: Redefining \] on input line 2860.
)
(c:/Users/wimpo/AppData/Roaming/TinyTeX/texmf-dist/tex/generic/iftex/ifxetex.st
y
Package: ifxetex 2019/10/25 v0.7 ifxetex legacy package. Use iftex instead.
)
(c:/Users/wimpo/AppData/Roaming/TinyTeX/texmf-dist/tex/generic/iftex/ifluatex.s
ty
Package: ifluatex 2019/10/25 v1.5 ifluatex legacy package. Use iftex instead.
) (c:/Users/wimpo/AppData/Roaming/TinyTeX/texmf-dist/tex/latex/base/fontenc.sty
Package: fontenc 2020/02/11 v2.0o Standard LaTeX package
) (c:/Users/wimpo/AppData/Roaming/TinyTeX/texmf-dist/tex/latex/base/inputenc.st
y
Package: inputenc 2018/08/11 v1.3c Input encoding file
\inpenc@prehook=\toks25
\inpenc@posthook=\toks26
) (c:/Users/wimpo/AppData/Roaming/TinyTeX/texmf-dist/tex/latex/base/textcomp.st
y
Package: textcomp 2020/02/02 v2.0n Standard LaTeX package
)
(c:/Users/wimpo/AppData/Roaming/TinyTeX/texmf-dist/tex/latex/upquote/upquote.st
y
Package: upquote 2012/04/19 v1.3 upright-quote and grave-accent glyphs in verba
tim
) (c:/Users/wimpo/AppData/Roaming/TinyTeX/texmf-dist/tex/latex/xcolor/xcolor.st
y
Package: xcolor 2016/05/11 v2.12 LaTeX color extensions (UK)

(c:/Users/wimpo/AppData/Roaming/TinyTeX/texmf-dist/tex/latex/graphics-cfg/color
.cfg
File: color.cfg 2016/01/02 v1.6 sample color configuration
)
Package xcolor Info: Driver file: pdftex.def on input line 225.
Package xcolor Info: Model `cmy' substituted by `cmy0' on input line 1348.
Package xcolor Info: Model `hsb' substituted by `rgb' on input line 1352.
Package xcolor Info: Model `RGB' extended on input line 1364.
Package xcolor Info: Model `HTML' substituted by `rgb' on input line 1366.
Package xcolor Info: Model `Hsb' substituted by `hsb' on input line 1367.
Package xcolor Info: Model `tHsb' substituted by `hsb' on input line 1368.
Package xcolor Info: Model `HSB' substituted by `hsb' on input line 1369.
Package xcolor Info: Model `Gray' substituted by `gray' on input line 1370.
Package xcolor Info: Model `wave' substituted by `hsb' on input line 1371.
)
(c:/Users/wimpo/AppData/Roaming/TinyTeX/texmf-dist/tex/latex/hyperref/hyperref.
sty
Package: hyperref 2020/01/14 v7.00d Hypertext links for LaTeX

(c:/Users/wimpo/AppData/Roaming/TinyTeX/texmf-dist/tex/generic/ltxcmds/ltxcmds.
sty
Package: ltxcmds 2019/12/15 v1.24 LaTeX kernel commands for general use (HO)
)
(c:/Users/wimpo/AppData/Roaming/TinyTeX/texmf-dist/tex/latex/pdftexcmds/pdftexc
mds.sty
Package: pdftexcmds 2019/11/24 v0.31 Utility functions of pdfTeX for LuaTeX (HO
)

(c:/Users/wimpo/AppData/Roaming/TinyTeX/texmf-dist/tex/generic/infwarerr/infwar
err.sty
Package: infwarerr 2019/12/03 v1.5 Providing info/warning/error messages (HO)
)
Package pdftexcmds Info: \pdf@primitive is available.
Package pdftexcmds Info: \pdf@ifprimitive is available.
Package pdftexcmds Info: \pdfdraftmode found.
)
(c:/Users/wimpo/AppData/Roaming/TinyTeX/texmf-dist/tex/generic/kvsetkeys/kvsetk
eys.sty
Package: kvsetkeys 2019/12/15 v1.18 Key value parser (HO)
)
(c:/Users/wimpo/AppData/Roaming/TinyTeX/texmf-dist/tex/generic/kvdefinekeys/kvd
efinekeys.sty
Package: kvdefinekeys 2019-12-19 v1.6 Define keys (HO)
)
(c:/Users/wimpo/AppData/Roaming/TinyTeX/texmf-dist/tex/generic/pdfescape/pdfesc
ape.sty
Package: pdfescape 2019/12/09 v1.15 Implements pdfTeX's escape features (HO)
)
(c:/Users/wimpo/AppData/Roaming/TinyTeX/texmf-dist/tex/latex/hycolor/hycolor.st
y
Package: hycolor 2020-01-27 v1.10 Color options for hyperref/bookmark (HO)
)
(c:/Users/wimpo/AppData/Roaming/TinyTeX/texmf-dist/tex/latex/letltxmacro/letltx
macro.sty
Package: letltxmacro 2019/12/03 v1.6 Let assignment for LaTeX macros (HO)
)
(c:/Users/wimpo/AppData/Roaming/TinyTeX/texmf-dist/tex/latex/auxhook/auxhook.st
y
Package: auxhook 2019-12-17 v1.6 Hooks for auxiliary files (HO)
)
(c:/Users/wimpo/AppData/Roaming/TinyTeX/texmf-dist/tex/latex/kvoptions/kvoption
s.sty
Package: kvoptions 2019/11/29 v3.13 Key value format for package options (HO)
)
\@linkdim=\dimen174
\Hy@linkcounter=\count270
\Hy@pagecounter=\count271

(c:/Users/wimpo/AppData/Roaming/TinyTeX/texmf-dist/tex/latex/hyperref/pd1enc.de
f
File: pd1enc.def 2020/01/14 v7.00d Hyperref: PDFDocEncoding definition (HO)
Now handling font encoding PD1 ...
... no UTF-8 mapping file for font encoding PD1
)
(c:/Users/wimpo/AppData/Roaming/TinyTeX/texmf-dist/tex/generic/intcalc/intcalc.
sty
Package: intcalc 2019/12/15 v1.3 Expandable calculations with integers (HO)
)
(c:/Users/wimpo/AppData/Roaming/TinyTeX/texmf-dist/tex/generic/etexcmds/etexcmd
s.sty
Package: etexcmds 2019/12/15 v1.7 Avoid name clashes with e-TeX commands (HO)
)
\Hy@SavedSpaceFactor=\count272
\pdfmajorversion=\count273
Package hyperref Info: Option `unicode' set `true' on input line 4421.

(c:/Users/wimpo/AppData/Roaming/TinyTeX/texmf-dist/tex/latex/hyperref/puenc.def
File: puenc.def 2020/01/14 v7.00d Hyperref: PDF Unicode definition (HO)
Now handling font encoding PU ...
... no UTF-8 mapping file for font encoding PU
)
Package hyperref Info: Hyper figures OFF on input line 4547.
Package hyperref Info: Link nesting OFF on input line 4552.
Package hyperref Info: Hyper index ON on input line 4555.
Package hyperref Info: Plain pages OFF on input line 4562.
Package hyperref Info: Backreferencing OFF on input line 4567.
Package hyperref Info: Implicit mode ON; LaTeX internals redefined.
Package hyperref Info: Bookmarks ON on input line 4800.
\c@Hy@tempcnt=\count274
(c:/Users/wimpo/AppData/Roaming/TinyTeX/texmf-dist/tex/latex/url/url.sty
\Urlmuskip=\muskip17
Package: url 2013/09/16  ver 3.4  Verb mode for urls, etc.
)
LaTeX Info: Redefining \url on input line 5159.
\XeTeXLinkMargin=\dimen175

(c:/Users/wimpo/AppData/Roaming/TinyTeX/texmf-dist/tex/generic/bitset/bitset.st
y
Package: bitset 2019/12/09 v1.3 Handle bit-vector datatype (HO)

(c:/Users/wimpo/AppData/Roaming/TinyTeX/texmf-dist/tex/generic/bigintcalc/bigin
tcalc.sty
Package: bigintcalc 2019/12/15 v1.5 Expandable calculations on big integers (HO
)
))
\Fld@menulength=\count275
\Field@Width=\dimen176
\Fld@charsize=\dimen177
Package hyperref Info: Hyper figures OFF on input line 6430.
Package hyperref Info: Link nesting OFF on input line 6435.
Package hyperref Info: Hyper index ON on input line 6438.
Package hyperref Info: backreferencing OFF on input line 6445.
Package hyperref Info: Link coloring OFF on input line 6450.
Package hyperref Info: Link coloring with OCG OFF on input line 6455.
Package hyperref Info: PDF/A mode OFF on input line 6460.
LaTeX Info: Redefining \ref on input line 6500.
LaTeX Info: Redefining \pageref on input line 6504.

(c:/Users/wimpo/AppData/Roaming/TinyTeX/texmf-dist/tex/generic/atbegshi/atbegsh
i.sty
Package: atbegshi 2019/12/05 v1.19 At begin shipout hook (HO)
)
\Hy@abspage=\count276
\c@Item=\count277
\c@Hfootnote=\count278
)
Package hyperref Info: Driver (autodetected): hpdftex.

(c:/Users/wimpo/AppData/Roaming/TinyTeX/texmf-dist/tex/latex/hyperref/hpdftex.d
ef
File: hpdftex.def 2020/01/14 v7.00d Hyperref driver for pdfTeX

(c:/Users/wimpo/AppData/Roaming/TinyTeX/texmf-dist/tex/latex/atveryend/atveryen
d.sty
Package: atveryend 2019-12-11 v1.11 Hooks at the very end of document (HO)
)
\Fld@listcount=\count279
\c@bookmark@seq@number=\count280

(c:/Users/wimpo/AppData/Roaming/TinyTeX/texmf-dist/tex/latex/rerunfilecheck/rer
unfilecheck.sty
Package: rerunfilecheck 2019/12/05 v1.9 Rerun checks for auxiliary files (HO)

(c:/Users/wimpo/AppData/Roaming/TinyTeX/texmf-dist/tex/generic/uniquecounter/un
iquecounter.sty
Package: uniquecounter 2019/12/15 v1.4 Provide unlimited unique counter (HO)
)
Package uniquecounter Info: New unique counter `rerunfilecheck' on input line 2
86.
)
\Hy@SectionHShift=\skip74
)
(c:/Users/wimpo/AppData/Roaming/TinyTeX/texmf-dist/tex/latex/csquotes/csquotes.
sty
Package: csquotes 2019-12-06 v5.2j context-sensitive quotations (JAW)
\csq@reset=\count281
\csq@gtype=\count282
\csq@glevel=\count283
\csq@qlevel=\count284
\csq@maxlvl=\count285
\csq@tshold=\count286
\csq@ltx@everypar=\toks27

(c:/Users/wimpo/AppData/Roaming/TinyTeX/texmf-dist/tex/latex/csquotes/csquotes.
def
File: csquotes.def 2019-12-06 v5.2j csquotes generic definitions (JAW)
)
Package csquotes Info: Trying to load configuration file 'csquotes.cfg'...
Package csquotes Info: ... configuration file loaded successfully.

(c:/Users/wimpo/AppData/Roaming/TinyTeX/texmf-dist/tex/latex/csquotes/csquotes.
cfg
File: csquotes.cfg 
)) (c:/Users/wimpo/AppData/Roaming/TinyTeX/texmf-dist/tex/latex/was/upgreek.sty
Package: upgreek 2003/02/12 v2.0 (WaS)
Package upgreek Info: Using Euler Roman for upright Greek on input line 31.
\symugrf@m=\mathgroup9
LaTeX Font Info:    Overwriting symbol font `ugrf@m' in version `bold'
(Font)                  U/eur/m/n --> U/eur/b/n on input line 38.
)
(c:/Users/wimpo/AppData/Roaming/TinyTeX/texmf-dist/tex/latex/tools/longtable.st
y
Package: longtable 2020/01/07 v4.13 Multi-page Table package (DPC)
\LTleft=\skip75
\LTright=\skip76
\LTpre=\skip77
\LTpost=\skip78
\LTchunksize=\count287
\LTcapwidth=\dimen178
\LT@head=\box51
\LT@firsthead=\box52
\LT@foot=\box53
\LT@lastfoot=\box54
\LT@cols=\count288
\LT@rows=\count289
\c@LT@tables=\count290
\c@LT@chunks=\count291
\LT@p@ftn=\toks28
)
(c:/Users/wimpo/AppData/Roaming/TinyTeX/texmf-dist/tex/latex/graphics/lscape.st
y
Package: lscape 2000/10/22 v3.01 Landscape Pages (DPC)
)
(c:/Users/wimpo/AppData/Roaming/TinyTeX/texmf-dist/tex/latex/multirow/multirow.
sty
Package: multirow 2019/05/31 v2.5 Span multiple rows of a table
\multirow@colwidth=\skip79
\multirow@cntb=\count292
\multirow@dima=\skip80
\bigstrutjot=\dimen179
)
(c:/Users/wimpo/AppData/Roaming/TinyTeX/texmf-dist/tex/latex/tools/tabularx.sty
Package: tabularx 2020/01/15 v2.11c `tabularx' package (DPC)
(c:/Users/wimpo/AppData/Roaming/TinyTeX/texmf-dist/tex/latex/tools/array.sty
Package: array 2019/08/31 v2.4l Tabular extension package (FMi)
\col@sep=\dimen180
\ar@mcellbox=\box55
\extrarowheight=\dimen181
\NC@list=\toks29
\extratabsurround=\skip81
\backup@length=\skip82
\ar@cellbox=\box56
)
\TX@col@width=\dimen182
\TX@old@table=\dimen183
\TX@old@col=\dimen184
\TX@target=\dimen185
\TX@delta=\dimen186
\TX@cols=\count293
\TX@ftn=\toks30
)
(c:/Users/wimpo/AppData/Roaming/TinyTeX/texmf-dist/tex/latex/threeparttablex/th
reeparttablex.sty
Package: threeparttablex 2013/07/23 v0.3 by daleif

(c:/Users/wimpo/AppData/Roaming/TinyTeX/texmf-dist/tex/latex/environ/environ.st
y
Package: environ 2014/05/04 v0.3 A new way to define environments

(c:/Users/wimpo/AppData/Roaming/TinyTeX/texmf-dist/tex/latex/trimspaces/trimspa
ces.sty
Package: trimspaces 2009/09/17 v1.1 Trim spaces around a token list
))
\TPTL@width=\skip83
)
\longtablewidth=\skip84
(c:/Users/wimpo/AppData/Roaming/TinyTeX/texmf-dist/tex/latex/lineno/lineno.sty
Package: lineno 2005/11/02 line numbers on paragraphs v4.41
\linenopenalty=\count294
\output=\toks31
\linenoprevgraf=\count295
\linenumbersep=\dimen187
\linenumberwidth=\dimen188
\c@linenumber=\count296
\c@pagewiselinenumber=\count297
\c@LN@truepage=\count298
\c@internallinenumber=\count299
\c@internallinenumbers=\count300
\quotelinenumbersep=\dimen189
\bframerule=\dimen190
\bframesep=\dimen191
\bframebox=\box57

LaTeX Warning: Command \@parboxrestore  has changed.
               Check if current package is valid.

LaTeX Info: Redefining \\ on input line 3056.
)
\cslhangindent=\skip85
Package csquotes Info: Checking for multilingual support...
Package csquotes Info: ... none found.

(c:/Users/wimpo/AppData/Roaming/TinyTeX/texmf-dist/tex/latex/l3backend/l3backen
d-pdfmode.def
File: l3backend-pdfmode.def 2020-02-23 L3 backend support: PDF mode
\l__kernel_color_stack_int=\count301
\l__pdf_internal_box=\box58
) (./GNet_WP.aux)
\openout1 = `GNet_WP.aux'.

LaTeX Font Info:    Checking defaults for OML/cmm/m/it on input line 111.
LaTeX Font Info:    ... okay on input line 111.
LaTeX Font Info:    Checking defaults for OMS/cmsy/m/n on input line 111.
LaTeX Font Info:    ... okay on input line 111.
LaTeX Font Info:    Checking defaults for OT1/cmr/m/n on input line 111.
LaTeX Font Info:    ... okay on input line 111.
LaTeX Font Info:    Checking defaults for T1/cmr/m/n on input line 111.
LaTeX Font Info:    ... okay on input line 111.
LaTeX Font Info:    Checking defaults for TS1/cmr/m/n on input line 111.
LaTeX Font Info:    ... okay on input line 111.
LaTeX Font Info:    Checking defaults for OMX/cmex/m/n on input line 111.
LaTeX Font Info:    ... okay on input line 111.
LaTeX Font Info:    Checking defaults for U/cmr/m/n on input line 111.
LaTeX Font Info:    ... okay on input line 111.
LaTeX Font Info:    Checking defaults for PD1/pdf/m/n on input line 111.
LaTeX Font Info:    ... okay on input line 111.
LaTeX Font Info:    Checking defaults for PU/pdf/m/n on input line 111.
LaTeX Font Info:    ... okay on input line 111.
*geometry* driver: auto-detecting
*geometry* detected driver: pdftex
*geometry* verbose mode - [ preamble ] result:
* driver: pdftex
* paper: <default>
* layout: <same size as paper>
* layoutoffset:(h,v)=(0.0pt,0.0pt)
* modes: twoside 
* h-part:(L,W,R)=(72.26999pt, 469.75502pt, 72.26999pt)
* v-part:(T,H,B)=(72.26999pt, 650.43001pt, 72.26999pt)
* \paperwidth=614.295pt
* \paperheight=794.96999pt
* \textwidth=469.75502pt
* \textheight=650.43001pt
* \oddsidemargin=0.0pt
* \evensidemargin=0.0pt
* \topmargin=-37.0pt
* \headheight=15.2pt
* \headsep=25.0pt
* \topskip=12.0pt
* \footskip=30.0pt
* \marginparwidth=95.0pt
* \marginparsep=10.0pt
* \columnsep=10.0pt
* \skip\footins=10.8pt plus 4.0pt minus 2.0pt
* \hoffset=0.0pt
* \voffset=0.0pt
* \mag=1000
* \@twocolumnfalse
* \@twosidetrue
* \@mparswitchtrue
* \@reversemarginfalse
* (1in=72.27pt=25.4mm, 1cm=28.453pt)


(c:/Users/wimpo/AppData/Roaming/TinyTeX/texmf-dist/tex/latex/epstopdf-pkg/epsto
pdf-base.sty
Package: epstopdf-base 2020-01-24 v2.11 Base part for package epstopdf
Package epstopdf-base Info: Redefining graphics rule for `.eps' on input line 4
85.

(c:/Users/wimpo/AppData/Roaming/TinyTeX/texmf-dist/tex/latex/latexconfig/epstop
df-sys.cfg
File: epstopdf-sys.cfg 2010/07/13 v1.3 Configuration of (r)epstopdf for TeX Liv
e
))
(c:/Users/wimpo/AppData/Roaming/TinyTeX/texmf-dist/tex/latex/apa6/config/APAame
rican.txt
File: APAamerican.txt 2012/02/23 v1.25 apa6 configuration for American English
)
Package caption Info: Begin \AtBeginDocument code.
Package caption Info: float package is loaded.
Package caption Info: hyperref package is loaded.
Package caption Info: longtable package is loaded.

(c:/Users/wimpo/AppData/Roaming/TinyTeX/texmf-dist/tex/latex/caption/ltcaption.
sty
Package: ltcaption 2018/08/26 v1.4a longtable captions (AR)
)
Package caption Info: End \AtBeginDocument code.
\AtBeginShipoutBox=\box59
Package hyperref Info: Link coloring OFF on input line 111.

(c:/Users/wimpo/AppData/Roaming/TinyTeX/texmf-dist/tex/latex/hyperref/nameref.s
ty
Package: nameref 2019/09/16 v2.46 Cross-referencing by name of section

(c:/Users/wimpo/AppData/Roaming/TinyTeX/texmf-dist/tex/latex/refcount/refcount.
sty
Package: refcount 2019/12/15 v3.6 Data extraction from label references (HO)
)
(c:/Users/wimpo/AppData/Roaming/TinyTeX/texmf-dist/tex/generic/gettitlestring/g
ettitlestring.sty
Package: gettitlestring 2019/12/15 v1.6 Cleanup title references (HO)
)
\c@section@level=\count302
)
LaTeX Info: Redefining \ref on input line 111.
LaTeX Info: Redefining \pageref on input line 111.
LaTeX Info: Redefining \nameref on input line 111.
(./GNet_WP.out) (./GNet_WP.out)
\@outlinefile=\write5
\openout5 = `GNet_WP.out'.

LaTeX Font Info:    Trying to load font information for T1+lmss on input line 1
13.
(c:/Users/wimpo/AppData/Roaming/TinyTeX/texmf-dist/tex/latex/lm/t1lmss.fd
File: t1lmss.fd 2009/10/30 v1.6 Font defs for Latin Modern
)
LaTeX Font Info:    Trying to load font information for OT1+lmr on input line 1
13.
(c:/Users/wimpo/AppData/Roaming/TinyTeX/texmf-dist/tex/latex/lm/ot1lmr.fd
File: ot1lmr.fd 2009/10/30 v1.6 Font defs for Latin Modern
)
LaTeX Font Info:    Trying to load font information for OML+lmm on input line 1
13.
(c:/Users/wimpo/AppData/Roaming/TinyTeX/texmf-dist/tex/latex/lm/omllmm.fd
File: omllmm.fd 2009/10/30 v1.6 Font defs for Latin Modern
)
LaTeX Font Info:    Trying to load font information for OMS+lmsy on input line 
113.
(c:/Users/wimpo/AppData/Roaming/TinyTeX/texmf-dist/tex/latex/lm/omslmsy.fd
File: omslmsy.fd 2009/10/30 v1.6 Font defs for Latin Modern
)
LaTeX Font Info:    Trying to load font information for OMX+lmex on input line 
113.
(c:/Users/wimpo/AppData/Roaming/TinyTeX/texmf-dist/tex/latex/lm/omxlmex.fd
File: omxlmex.fd 2009/10/30 v1.6 Font defs for Latin Modern
)
LaTeX Font Info:    External font `lmex10' loaded for size
(Font)              <12> on input line 113.
LaTeX Font Info:    External font `lmex10' loaded for size
(Font)              <8> on input line 113.
LaTeX Font Info:    External font `lmex10' loaded for size
(Font)              <6> on input line 113.
LaTeX Font Info:    Trying to load font information for U+msa on input line 113
.
(c:/Users/wimpo/AppData/Roaming/TinyTeX/texmf-dist/tex/latex/amsfonts/umsa.fd
File: umsa.fd 2013/01/14 v3.01 AMS symbols A
)
LaTeX Font Info:    Trying to load font information for U+msb on input line 113
.
(c:/Users/wimpo/AppData/Roaming/TinyTeX/texmf-dist/tex/latex/amsfonts/umsb.fd
File: umsb.fd 2013/01/14 v3.01 AMS symbols B
) [1{c:/Users/wimpo/AppData/Roaming/TinyTeX/texmf-var/fonts/map/pdftex/updmap/p
dftex.map}

] [2] [3]
Underfull \vbox (badness 3965) has occurred while \output is active []

[4]
Underfull \vbox (badness 10000) has occurred while \output is active []

[5]
Underfull \vbox (badness 10000) has occurred while \output is active []

[6]
<GNet_WP_files/figure-latex/plotconcepts-1.pdf, id=136, 469.755pt x 325.215pt>
File: GNet_WP_files/figure-latex/plotconcepts-1.pdf Graphic file (type pdf)
<use GNet_WP_files/figure-latex/plotconcepts-1.pdf>
Package pdftex.def Info: GNet_WP_files/figure-latex/plotconcepts-1.pdf  used on
 input line 128.
(pdftex.def)             Requested size: 469.75386pt x 325.2142pt.

Underfull \vbox (badness 10000) has occurred while \output is active []

[7 <./GNet_WP_files/figure-latex/plotconcepts-1.pdf>]
Underfull \vbox (badness 10000) has occurred while \output is active []

[8]
Underfull \vbox (badness 3965) has occurred while \output is active []

[9]
Underfull \vbox (badness 10000) has occurred while \output is active []

[10]
Underfull \vbox (badness 10000) has occurred while \output is active []

[11]
<GNet_WP_files/figure-latex/plotmainmethodfigure-1.pdf, id=163, 469.755pt x 578
.16pt>
File: GNet_WP_files/figure-latex/plotmainmethodfigure-1.pdf Graphic file (type 
pdf)
<use GNet_WP_files/figure-latex/plotmainmethodfigure-1.pdf>
Package pdftex.def Info: GNet_WP_files/figure-latex/plotmainmethodfigure-1.pdf 
 used on input line 146.
(pdftex.def)             Requested size: 469.75386pt x 578.15858pt.
LaTeX Font Info:    External font `lmex10' loaded for size
(Font)              <10.95> on input line 147.

Underfull \vbox (badness 10000) has occurred while \output is active []

[12 <./GNet_WP_files/figure-latex/plotmainmethodfigure-1.pdf>]
Underfull \vbox (badness 2189) has occurred while \output is active []

[13]
Underfull \vbox (badness 2189) has occurred while \output is active []

[14]
Underfull \vbox (badness 2189) has occurred while \output is active []

[15]
<GNet_WP_files/figure-latex/plot_distributioncheck-1.pdf, id=193, 433.62pt x 21
6.81pt>
File: GNet_WP_files/figure-latex/plot_distributioncheck-1.pdf Graphic file (typ
e pdf)
<use GNet_WP_files/figure-latex/plot_distributioncheck-1.pdf>
Package pdftex.def Info: GNet_WP_files/figure-latex/plot_distributioncheck-1.pd
f  used on input line 177.
(pdftex.def)             Requested size: 433.63878pt x 216.81938pt.

Underfull \vbox (badness 10000) has occurred while \output is active []

[16]
Underfull \vbox (badness 10000) has occurred while \output is active []

[17 <./GNet_WP_files/figure-latex/plot_distributioncheck-1.pdf>]
Underfull \vbox (badness 3965) has occurred while \output is active []

[18]
Underfull \vbox (badness 2189) has occurred while \output is active []

[19]
<GNet_WP_files/figure-latex/networkprop_plot-1.pdf, id=228, 469.755pt x 216.81p
t>
File: GNet_WP_files/figure-latex/networkprop_plot-1.pdf Graphic file (type pdf)

<use GNet_WP_files/figure-latex/networkprop_plot-1.pdf>
Package pdftex.def Info: GNet_WP_files/figure-latex/networkprop_plot-1.pdf  use
d on input line 205.
(pdftex.def)             Requested size: 469.75386pt x 216.80946pt.

Overfull \hbox (28.90639pt too wide) in paragraph at lines 205--208
[][] 
 []


Underfull \vbox (badness 10000) has occurred while \output is active []

[20]
Underfull \vbox (badness 10000) has occurred while \output is active []

[21 <./GNet_WP_files/figure-latex/networkprop_plot-1.pdf>]
<GNet_WP_files/figure-latex/network_manip_check2-1.pdf, id=241, 216.81pt x 216.
81pt>
File: GNet_WP_files/figure-latex/network_manip_check2-1.pdf Graphic file (type 
pdf)
<use GNet_WP_files/figure-latex/network_manip_check2-1.pdf>
Package pdftex.def Info: GNet_WP_files/figure-latex/network_manip_check2-1.pdf 
 used on input line 210.
(pdftex.def)             Requested size: 216.81938pt x 216.81938pt.
[22 <./GNet_WP_files/figure-latex/network_manip_check2-1.pdf>]
<GNet_WP_files/figure-latex/plotjerk-1.pdf, id=255, 505.89pt x 198.7425pt>
File: GNet_WP_files/figure-latex/plotjerk-1.pdf Graphic file (type pdf)
<use GNet_WP_files/figure-latex/plotjerk-1.pdf>
Package pdftex.def Info: GNet_WP_files/figure-latex/plotjerk-1.pdf  used on inp
ut line 221.
(pdftex.def)             Requested size: 469.76265pt x 184.5496pt.
[23 <./GNet_WP_files/figure-latex/plotjerk-1.pdf>]
Underfull \vbox (badness 10000) has occurred while \output is active []

[24]
<GNet_WP_files/figure-latex/summ_kin-1.pdf, id=274, 469.755pt x 361.35pt>
File: GNet_WP_files/figure-latex/summ_kin-1.pdf Graphic file (type pdf)
<use GNet_WP_files/figure-latex/summ_kin-1.pdf>
Package pdftex.def Info: GNet_WP_files/figure-latex/summ_kin-1.pdf  used on inp
ut line 239.
(pdftex.def)             Requested size: 469.75386pt x 361.34912pt.
[25 <./GNet_WP_files/figure-latex/summ_kin-1.pdf>]
Underfull \vbox (badness 10000) has occurred while \output is active []

[26]
Underfull \vbox (badness 10000) has occurred while \output is active []

[27]
<GNet_WP_files/figure-latex/plotresults-1.pdf, id=299, 361.35pt x 505.89pt>
File: GNet_WP_files/figure-latex/plotresults-1.pdf Graphic file (type pdf)
<use GNet_WP_files/figure-latex/plotresults-1.pdf>
Package pdftex.def Info: GNet_WP_files/figure-latex/plotresults-1.pdf  used on 
input line 263.
(pdftex.def)             Requested size: 361.34912pt x 505.88875pt.
[28 <./GNet_WP_files/figure-latex/plotresults-1.pdf>]
Underfull \vbox (badness 10000) has occurred while \output is active []

[29]
<GNet_WP_files/figure-latex/funthemeentropy-1.pdf, id=323, 469.755pt x 325.215p
t>
File: GNet_WP_files/figure-latex/funthemeentropy-1.pdf Graphic file (type pdf)
<use GNet_WP_files/figure-latex/funthemeentropy-1.pdf>
Package pdftex.def Info: GNet_WP_files/figure-latex/funthemeentropy-1.pdf  used
 on input line 284.
(pdftex.def)             Requested size: 469.75386pt x 325.2142pt.

Underfull \vbox (badness 10000) has occurred while \output is active []

[30 <./GNet_WP_files/figure-latex/funthemeentropy-1.pdf>]
<GNet_WP_files/figure-latex/kinematicresults-1.pdf, id=337, 361.35pt x 361.35pt
>
File: GNet_WP_files/figure-latex/kinematicresults-1.pdf Graphic file (type pdf)

<use GNet_WP_files/figure-latex/kinematicresults-1.pdf>
Package pdftex.def Info: GNet_WP_files/figure-latex/kinematicresults-1.pdf  use
d on input line 299.
(pdftex.def)             Requested size: 361.34912pt x 361.34912pt.
[31 <./GNet_WP_files/figure-latex/kinematicresults-1.pdf>] [32]
Underfull \vbox (badness 10000) has occurred while \output is active []

[33]
<GNet_WP_files/figure-latex/test_network_kinematics-1.pdf, id=364, 469.755pt x 
433.62pt>
File: GNet_WP_files/figure-latex/test_network_kinematics-1.pdf Graphic file (ty
pe pdf)
<use GNet_WP_files/figure-latex/test_network_kinematics-1.pdf>
Package pdftex.def Info: GNet_WP_files/figure-latex/test_network_kinematics-1.p
df  used on input line 321.
(pdftex.def)             Requested size: 469.75386pt x 433.61894pt.

Underfull \vbox (badness 10000) has occurred while \output is active []

[34 <./GNet_WP_files/figure-latex/test_network_kinematics-1.pdf>] [35]
Underfull \vbox (badness 10000) has occurred while \output is active []

[36]
Underfull \vbox (badness 10000) has occurred while \output is active []

[37] [38] [39] [40] [41] [42] [43] [44] [45]pdfTeX warning (ext4): destination 
with the same identifier (name{ref-aronoffRootsLinguisticOrganization2008}) has
 been already used, duplicate ignored
<to be read again> 
                   \relax 
l.569 ...aronoffRootsLinguisticOrganization2008}{}
                                                  %pdfTeX warning (ext4): desti
nation with the same identifier (name{ref-bausWhenDoesIconicity2013}) has been 
already used, duplicate ignored
<to be read again> 
                   \relax 
l.572 ...ertarget{ref-bausWhenDoesIconicity2013}{}
                                                  %pdfTeX warning (ext4): desti
nation with the same identifier (name{ref-bavelasGesturingTelephoneIndependent2
008}) has been already used, duplicate ignored
<to be read again> 
                   \relax 
l.575 ...velasGesturingTelephoneIndependent2008}{}
                                                  %pdfTeX warning (ext4): desti
nation with the same identifier (name{ref-bendichPersistentHomologyAnalysis2016
}) has been already used, duplicate ignored
<to be read again> 
                   \relax 
l.578 ...-bendichPersistentHomologyAnalysis2016}{}
                                                  %pdfTeX warning (ext4): desti
nation with the same identifier (name{ref-bernsteinCoordinationRegulationsMovem
ents1967}) has been already used, duplicate ignored
<to be read again> 
                   \relax 
l.581 ...inCoordinationRegulationsMovements1967}{}
                                                  %pdfTeX warning (ext4): desti
nation with the same identifier (name{ref-bickertonAdamTongue2009}) has been al
ready used, duplicate ignored
<to be read again> 
                   \relax 
l.584 ...ypertarget{ref-bickertonAdamTongue2009}{}
                                                  %pdfTeX warning (ext4): desti
nation with the same identifier (name{ref-cangelosiSimulatingEvolutionLanguage2
002}) has been already used, duplicate ignored
<to be read again> 
                   \relax 
l.587 ...ngelosiSimulatingEvolutionLanguage2002}{}
                                                  % [46]pdfTeX warning (ext4): 
destination with the same identifier (name{ref-caoRealtimeMultiPerson2D2017}) h
as been already used, duplicate ignored
<to be read again> 
                   \relax 
l.590 ...arget{ref-caoRealtimeMultiPerson2D2017}{}
                                                  %pdfTeX warning (ext4): desti
nation with the same identifier (name{ref-caoRealtimeMultiperson2D2017}) has be
en already used, duplicate ignored
<to be read again> 
                   \relax 
l.593 ...arget{ref-caoRealtimeMultiperson2D2017}{}
                                                  %pdfTeX warning (ext4): desti
nation with the same identifier (name{ref-christiansenNoworNeverBottleneckFunda
mental2016}) has been already used, duplicate ignored
<to be read again> 
                   \relax 
l.596 ...senNoworNeverBottleneckFundamental2016}{}
                                                  %pdfTeX warning (ext4): desti
nation with the same identifier (name{ref-claidiereCulturalEvolutionSystematica
lly2014}) has been already used, duplicate ignored
<to be read again> 
                   \relax 
l.599 ...ereCulturalEvolutionSystematically2014}{}
                                                  %pdfTeX warning (ext4): desti
nation with the same identifier (name{ref-corballisHandMouthOrigins2002}) has b
een already used, duplicate ignored
<to be read again> 
                   \relax 
l.602 ...rget{ref-corballisHandMouthOrigins2002}{}
                                                  %pdfTeX warning (ext4): desti
nation with the same identifier (name{ref-cornishSequenceMemoryConstraints2017}
) has been already used, duplicate ignored
<to be read again> 
                   \relax 
l.605 ...f-cornishSequenceMemoryConstraints2017}{}
                                                  %pdfTeX warning (ext4): desti
nation with the same identifier (name{ref-csardiPackageIgraphNetwork2019}) has 
been already used, duplicate ignored
<to be read again> 
                   \relax 
l.608 ...get{ref-csardiPackageIgraphNetwork2019}{}
                                                  % [47]pdfTeX warning (ext4): 
destination with the same identifier (name{ref-deutscherUnfoldingLanguageEvolut
ionary2005}) has been already used, duplicate ignored
<to be read again> 
                   \relax 
l.611 ...scherUnfoldingLanguageEvolutionary2005}{}
                                                  %pdfTeX warning (ext4): desti
nation with the same identifier (name{ref-dingemanseArbitrarinessIconicitySyste
maticity2015b}) has been already used, duplicate ignored
<to be read again> 
                   \relax 
l.614 ...bitrarinessIconicitySystematicity2015b}{}
                                                  %pdfTeX warning (ext4): desti
nation with the same identifier (name{ref-dingemanseUniversalPrinciplesRepair20
15}) has been already used, duplicate ignored
<to be read again> 
                   \relax 
l.617 ...ingemanseUniversalPrinciplesRepair2015}{}
                                                  %pdfTeX warning (ext4): desti
nation with the same identifier (name{ref-donaldOriginsModernMind1991}) has bee
n already used, duplicate ignored
<to be read again> 
                   \relax 
l.620 ...target{ref-donaldOriginsModernMind1991}{}
                                                  %pdfTeX warning (ext4): desti
nation with the same identifier (name{ref-dunbarHumanEvolutionOur2016}) has bee
n already used, duplicate ignored
<to be read again> 
                   \relax 
l.623 ...target{ref-dunbarHumanEvolutionOur2016}{}
                                                  %pdfTeX warning (ext4): desti
nation with the same identifier (name{ref-engesserCombinatorialityVocalSystems2
019}) has been already used, duplicate ignored
<to be read again> 
                   \relax 
l.626 ...gesserCombinatorialityVocalSystems2019}{}
                                                  %pdfTeX warning (ext4): desti
nation with the same identifier (name{ref-fayInteractiveEvolutionHuman2010}) ha
s been already used, duplicate ignored
<to be read again> 
                   \relax 
l.629 ...t{ref-fayInteractiveEvolutionHuman2010}{}
                                                  %pdfTeX warning (ext4): desti
nation with the same identifier (name{ref-fitchMonkeyVocalTracts2016}) has been
 already used, duplicate ignored
<to be read again> 
                   \relax 
l.632 ...rtarget{ref-fitchMonkeyVocalTracts2016}{}
                                                  %pdfTeX warning (ext4): desti
nation with the same identifier (name{ref-frohlichMustAllSignals2020}) has been
 already used, duplicate ignored
<to be read again> 
                   \relax 
l.635 ...rtarget{ref-frohlichMustAllSignals2020}{}
                                                  %pdfTeX warning (ext4): desti
nation with the same identifier (name{ref-garrodFoundationsRepresentationWhere2
007}) has been already used, duplicate ignored
<to be read again> 
                   \relax 
l.638 ...rrodFoundationsRepresentationWhere2007}{}
                                                  % [48]pdfTeX warning (ext4): 
destination with the same identifier (name{ref-gardenforsDemonstrationPantomime
Evolution2017}) has been already used, duplicate ignored
<to be read again> 
                   \relax 
l.641 ...orsDemonstrationPantomimeEvolution2017}{}
                                                  %pdfTeX warning (ext4): desti
nation with the same identifier (name{ref-gerwingLinguisticInfluencesGesture200
4}) has been already used, duplicate ignored
<to be read again> 
                   \relax 
l.644 ...gerwingLinguisticInfluencesGesture2004}{}
                                                  %pdfTeX warning (ext4): desti
nation with the same identifier (name{ref-ghazanfarEvolutionHumanVocal2008}) ha
s been already used, duplicate ignored
<to be read again> 
                   \relax 
l.647 ...t{ref-ghazanfarEvolutionHumanVocal2008}{}
                                                  %pdfTeX warning (ext4): desti
nation with the same identifier (name{ref-gibsonHowEfficiencyShapes2019}) has b
een already used, duplicate ignored
<to be read again> 
                   \relax 
l.650 ...rget{ref-gibsonHowEfficiencyShapes2019}{}
                                                  %pdfTeX warning (ext4): desti
nation with the same identifier (name{ref-giorginoComputingVisualizingDynamic20
09}) has been already used, duplicate ignored
<to be read again> 
                   \relax 
l.653 ...iorginoComputingVisualizingDynamic2009}{}
                                                  %pdfTeX warning (ext4): desti
nation with the same identifier (name{ref-goldin-meadowNaturalOrderEvents2008})
 has been already used, duplicate ignored
<to be read again> 
                   \relax 
l.656 ...ef-goldin-meadowNaturalOrderEvents2008}{}
                                                  %pdfTeX warning (ext4): desti
nation with the same identifier (name{ref-havilandEmergingGrammarNouns2013}) ha
s been already used, duplicate ignored
<to be read again> 
                   \relax 
l.659 ...t{ref-havilandEmergingGrammarNouns2013}{}
                                                  %pdfTeX warning (ext4): desti
nation with the same identifier (name{ref-hoganSensitivitySmoothnessMeasures200
9}) has been already used, duplicate ignored
<to be read again> 
                   \relax 
l.662 ...hoganSensitivitySmoothnessMeasures2009}{}
                                                  %pdfTeX warning (ext4): desti
nation with the same identifier (name{ref-hollerExperimentalInvestigationHow201
1}) has been already used, duplicate ignored
<to be read again> 
                   \relax 
l.665 ...hollerExperimentalInvestigationHow2011}{}
                                                  % [49]pdfTeX warning (ext4): 
destination with the same identifier (name{ref-kelsoDynamicPatternPerspective19
83}) has been already used, duplicate ignored
<to be read again> 
                   \relax 
l.668 ...ref-kelsoDynamicPatternPerspective1983}{}
                                                  %pdfTeX warning (ext4): desti
nation with the same identifier (name{ref-kelsoConvergingEvidenceSupport1984}) 
has been already used, duplicate ignored
<to be read again> 
                   \relax 
l.671 ...ref-kelsoConvergingEvidenceSupport1984}{}
                                                  %pdfTeX warning (ext4): desti
nation with the same identifier (name{ref-kendonReflectionsGesturefirstHypothes
is2017}) has been already used, duplicate ignored
<to be read again> 
                   \relax 
l.674 ...nReflectionsGesturefirstHypothesis2017}{}
                                                  %pdfTeX warning (ext4): desti
nation with the same identifier (name{ref-kirbyLanguageLearningLanguage2003}) h
as been already used, duplicate ignored
<to be read again> 
                   \relax 
l.677 ...{ref-kirbyLanguageLearningLanguage2003}{}
                                                  %pdfTeX warning (ext4): desti
nation with the same identifier (name{ref-kirbyCumulativeCulturalEvolution2008}
) has been already used, duplicate ignored
<to be read again> 
                   \relax 
l.680 ...f-kirbyCumulativeCulturalEvolution2008}{}
                                                  %pdfTeX warning (ext4): desti
nation with the same identifier (name{ref-kirbyIteratedLearningEvolution2014}) 
has been already used, duplicate ignored
<to be read again> 
                   \relax 
l.683 ...ref-kirbyIteratedLearningEvolution2014}{}
                                                  %pdfTeX warning (ext4): desti
nation with the same identifier (name{ref-kirbyCompressionCommunicationCultural
2015a}) has been already used, duplicate ignored
<to be read again> 
                   \relax 
l.686 ...yCompressionCommunicationCultural2015a}{}
                                                  % [50]pdfTeX warning (ext4): 
destination with the same identifier (name{ref-lou-magnusonSocialNetworkLimits2
018}) has been already used, duplicate ignored
<to be read again> 
                   \relax 
l.689 ...ef-lou-magnusonSocialNetworkLimits2018}{}
                                                  %pdfTeX warning (ext4): desti
nation with the same identifier (name{ref-lumExtractingInsightsShape2013}) has 
been already used, duplicate ignored
<to be read again> 
                   \relax 
l.692 ...get{ref-lumExtractingInsightsShape2013}{}
                                                  %pdfTeX warning (ext4): desti
nation with the same identifier (name{ref-luptonMotorLearningSign1990}) has bee
n already used, duplicate ignored
<to be read again> 
                   \relax 
l.695 ...target{ref-luptonMotorLearningSign1990}{}
                                                  %pdfTeX warning (ext4): desti
nation with the same identifier (name{ref-lupyanLanguageStructurePartly2010}) h
as been already used, duplicate ignored
<to be read again> 
                   \relax 
l.698 ...{ref-lupyanLanguageStructurePartly2010}{}
                                                  %pdfTeX warning (ext4): desti
nation with the same identifier (name{ref-mcneilageOriginSpeech2008}) has been 
already used, duplicate ignored
<to be read again> 
                   \relax 
l.701 ...ertarget{ref-mcneilageOriginSpeech2008}{}
                                                  %pdfTeX warning (ext4): desti
nation with the same identifier (name{ref-motamediEvolvingArtificialSign2019}) 
has been already used, duplicate ignored
<to be read again> 
                   \relax 
l.704 ...ref-motamediEvolvingArtificialSign2019}{}
                                                  %pdfTeX warning (ext4): desti
nation with the same identifier (name{ref-mueenExtractingOptimalPerformance2016
a}) has been already used, duplicate ignored
<to be read again> 
                   \relax 
l.707 ...mueenExtractingOptimalPerformance2016a}{}
                                                  %pdfTeX warning (ext4): desti
nation with the same identifier (name{ref-mullerInformationRetrievalMusic2007})
 has been already used, duplicate ignored
<to be read again> 
                   \relax 
l.710 ...ef-mullerInformationRetrievalMusic2007}{}
                                                  %pdfTeX warning (ext4): desti
nation with the same identifier (name{ref-namboodiripadMeasuringConventionaliza
tionManual2016}) has been already used, duplicate ignored
<to be read again> 
                   \relax 
l.713 ...MeasuringConventionalizationManual2016}{}
                                                  %pdfTeX warning (ext4): desti
nation with the same identifier (name{ref-ortegaHearingNonsignersUse2019}) has 
been already used, duplicate ignored
<to be read again> 
                   \relax 
l.716 ...get{ref-ortegaHearingNonsignersUse2019}{}
                                                  % [51]pdfTeX warning (ext4): 
destination with the same identifier (name{ref-otterRoadmapComputationPersisten
t2017}) has been already used, duplicate ignored
<to be read again> 
                   \relax 
l.719 ...-otterRoadmapComputationPersistent2017}{}
                                                  %pdfTeX warning (ext4): desti
nation with the same identifier (name{ref-patteeLAWSLANGUAGELIFE2012}) has been
 already used, duplicate ignored
<to be read again> 
                   \relax 
l.722 ...rtarget{ref-patteeLAWSLANGUAGELIFE2012}{}
                                                  %pdfTeX warning (ext4): desti
nation with the same identifier (name{ref-pouwGestureNetworksIntroducing2019}) 
has been already used, duplicate ignored
<to be read again> 
                   \relax 
l.725 ...ref-pouwGestureNetworksIntroducing2019}{}
                                                  %pdfTeX warning (ext4): desti
nation with the same identifier (name{ref-pouwMaterialsTutorialGespin20192019})
 has been already used, duplicate ignored
<to be read again> 
                   \relax 
l.728 ...ef-pouwMaterialsTutorialGespin20192019}{}
                                                  %pdfTeX warning (ext4): desti
nation with the same identifier (name{ref-ravignaniMusicalEvolutionLab2016}) ha
s been already used, duplicate ignored
<to be read again> 
                   \relax 
l.731 ...t{ref-ravignaniMusicalEvolutionLab2016}{}
                                                  %pdfTeX warning (ext4): desti
nation with the same identifier (name{ref-ravivLargerCommunitiesCreate2019}) ha
s been already used, duplicate ignored
<to be read again> 
                   \relax 
l.734 ...t{ref-ravivLargerCommunitiesCreate2019}{}
                                                  %pdfTeX warning (ext4): desti
nation with the same identifier (name{ref-satoAllAspectsLearning2020}) has been
 already used, duplicate ignored
<to be read again> 
                   \relax 
l.737 ...rtarget{ref-satoAllAspectsLearning2020}{}
                                                  %pdfTeX warning (ext4): desti
nation with the same identifier (name{ref-schouwstraTemporalStructureEmerging20
17}) has been already used, duplicate ignored
<to be read again> 
                   \relax 
l.740 ...chouwstraTemporalStructureEmerging2017}{}
                                                  % [52]pdfTeX warning (ext4): 
destination with the same identifier (name{ref-scott-phillipsLanguageEvolutionL
aboratory2010}) has been already used, duplicate ignored
<to be read again> 
                   \relax 
l.743 ...hillipsLanguageEvolutionLaboratory2010}{}
                                                  %pdfTeX warning (ext4): desti
nation with the same identifier (name{ref-senghasChildrenCreatingCore2004}) has
 been already used, duplicate ignored
<to be read again> 
                   \relax 
l.746 ...et{ref-senghasChildrenCreatingCore2004}{}
                                                  %pdfTeX warning (ext4): desti
nation with the same identifier (name{ref-sizemoreImportanceWholeTopological201
8}) has been already used, duplicate ignored
<to be read again> 
                   \relax 
l.749 ...sizemoreImportanceWholeTopological2018}{}
                                                  %pdfTeX warning (ext4): desti
nation with the same identifier (name{ref-sterelnyLanguageGestureSkill2012}) ha
s been already used, duplicate ignored
<to be read again> 
                   \relax 
l.752 ...t{ref-sterelnyLanguageGestureSkill2012}{}
                                                  %pdfTeX warning (ext4): desti
nation with the same identifier (name{ref-studdert-kennedyLaunchingLanguageGest
ural2003}) has been already used, duplicate ignored
<to be read again> 
                   \relax 
l.755 ...t-kennedyLaunchingLanguageGestural2003}{}
                                                  %pdfTeX warning (ext4): desti
nation with the same identifier (name{ref-tomaselloOriginsHumanCommunication200
8}) has been already used, duplicate ignored
<to be read again> 
                   \relax 
l.758 ...tomaselloOriginsHumanCommunication2008}{}
                                                  %pdfTeX warning (ext4): desti
nation with the same identifier (name{ref-tomaselloThirtyYearsGreat2019}) has b
een already used, duplicate ignored
<to be read again> 
                   \relax 
l.761 ...rget{ref-tomaselloThirtyYearsGreat2019}{}
                                                  %pdfTeX warning (ext4): desti
nation with the same identifier (name{ref-trujilloMarkerlessAutomaticAnalysis20
19}) has been already used, duplicate ignored
<to be read again> 
                   \relax 
l.764 ...rujilloMarkerlessAutomaticAnalysis2019}{}
                                                  %pdfTeX warning (ext4): desti
nation with the same identifier (name{ref-tyronePhoneticsHeadBody2016}) has bee
n already used, duplicate ignored
<to be read again> 
                   \relax 
l.767 ...target{ref-tyronePhoneticsHeadBody2016}{}
                                                  % [53]pdfTeX warning (ext4): 
destination with the same identifier (name{ref-verhoefIconicityEmergenceCombina
torial2016}) has been already used, duplicate ignored
<to be read again> 
                   \relax 
l.770 ...oefIconicityEmergenceCombinatorial2016}{}
                                                  %pdfTeX warning (ext4): desti
nation with the same identifier (name{ref-wadhwaTDAstatsPipelineTopological2019
}) has been already used, duplicate ignored
<to be read again> 
                   \relax 
l.773 ...-wadhwaTDAstatsPipelineTopological2019}{}
                                                  %pdfTeX warning (ext4): desti
nation with the same identifier (name{ref-wilburExperimentalInvestigationStress
ed1990}) has been already used, duplicate ignored
<to be read again> 
                   \relax 
l.776 ...rExperimentalInvestigationStressed1990}{}
                                                  % AED endfloat: Processing en
d Figures and Tables [54]
Package atveryend Info: Empty hook `BeforeClearDocument' on input line 782.
Package atveryend Info: Empty hook `AfterLastShipout' on input line 782.
(./GNet_WP.aux)
Package atveryend Info: Executing hook `AtVeryEndDocument' on input line 782.
Package atveryend Info: Executing hook `AtEndAfterFileList' on input line 782.
Package rerunfilecheck Info: File `GNet_WP.out' has not changed.
(rerunfilecheck)             Checksum: E3769E90EB80B471D71A4972AB7DEB7A;4705.
 ) 
Here is how much of TeX's memory you used:
 14218 strings out of 482938
 213091 string characters out of 5958840
 467639 words of memory out of 5000000
 29025 multiletter control sequences out of 15000+600000
 595429 words of font info for 72 fonts, out of 8000000 for 9000
 14 hyphenation exceptions out of 8191
 49i,11n,51p,1704b,446s stack positions out of 5000i,500n,10000p,200000b,80000s
{c:/Users/wimpo/AppData/Roaming/TinyTeX/texmf-dist/fonts/enc/dvips/lm/lm-rm.e
nc}{c:/Users/wimpo/AppData/Roaming/TinyTeX/texmf-dist/fonts/enc/dvips/lm/lm-mat
hsy.enc}{c:/Users/wimpo/AppData/Roaming/TinyTeX/texmf-dist/fonts/enc/dvips/lm/l
m-mathex.enc}{c:/Users/wimpo/AppData/Roaming/TinyTeX/texmf-dist/fonts/enc/dvips
/lm/lm-mathit.enc}{c:/Users/wimpo/AppData/Roaming/TinyTeX/texmf-dist/fonts/enc/
dvips/lm/lm-ec.enc}<c:/Users/wimpo/AppData/Roaming/TinyTeX/texmf-dist/fonts/typ
e1/public/lm/lmbx10.pfb><c:/Users/wimpo/AppData/Roaming/TinyTeX/texmf-dist/font
s/type1/public/lm/lmbx12.pfb><c:/Users/wimpo/AppData/Roaming/TinyTeX/texmf-dist
/fonts/type1/public/lm/lmex10.pfb><c:/Users/wimpo/AppData/Roaming/TinyTeX/texmf
-dist/fonts/type1/public/lm/lmmi10.pfb><c:/Users/wimpo/AppData/Roaming/TinyTeX/
texmf-dist/fonts/type1/public/lm/lmmi12.pfb><c:/Users/wimpo/AppData/Roaming/Tin
yTeX/texmf-dist/fonts/type1/public/lm/lmmi8.pfb><c:/Users/wimpo/AppData/Roaming
/TinyTeX/texmf-dist/fonts/type1/public/lm/lmr10.pfb><c:/Users/wimpo/AppData/Roa
ming/TinyTeX/texmf-dist/fonts/type1/public/lm/lmr12.pfb><c:/Users/wimpo/AppData
/Roaming/TinyTeX/texmf-dist/fonts/type1/public/lm/lmr6.pfb><c:/Users/wimpo/AppD
ata/Roaming/TinyTeX/texmf-dist/fonts/type1/public/lm/lmr8.pfb><c:/Users/wimpo/A
ppData/Roaming/TinyTeX/texmf-dist/fonts/type1/public/lm/lmri12.pfb><c:/Users/wi
mpo/AppData/Roaming/TinyTeX/texmf-dist/fonts/type1/public/lm/lmss8.pfb><c:/User
s/wimpo/AppData/Roaming/TinyTeX/texmf-dist/fonts/type1/public/lm/lmsy10.pfb><c:
/Users/wimpo/AppData/Roaming/TinyTeX/texmf-dist/fonts/type1/public/lm/lmsy8.pfb
>
Output written on GNet_WP.pdf (54 pages, 4558998 bytes).
PDF statistics:
 764 PDF objects out of 1000 (max. 8388607)
 662 compressed objects within 7 object streams
 176 named destinations out of 1000 (max. 500000)
 256 words of extra memory for PDF output out of 10000 (max. 10000000)

